F:\北京邮电大学\大二\程序设计\PAINTING\PAINTING\PAINTING\DEBUG\PAINTING.PCH
F:\北京邮电大学\大二\程序设计\PAINTING\PAINTING\PAINTING\DEBUG\STDAFX.OBJ
F:\北京邮电大学\大二\程序设计\PAINTING\PAINTING\PAINTING\DEBUG\VC110.PDB
F:\北京邮电大学\大二\程序设计\PAINTING\PAINTING\PAINTING\DEBUG\CLASSVIEW.OBJ
F:\北京邮电大学\大二\程序设计\PAINTING\PAINTING\PAINTING\DEBUG\FILEVIEW.OBJ
F:\北京邮电大学\大二\程序设计\PAINTING\PAINTING\PAINTING\DEBUG\MAINFRM.OBJ
F:\北京邮电大学\大二\程序设计\PAINTING\PAINTING\PAINTING\DEBUG\OUTPUTWND.OBJ
F:\北京邮电大学\大二\程序设计\PAINTING\PAINTING\PAINTING\DEBUG\PAINTING.OBJ
F:\北京邮电大学\大二\程序设计\PAINTING\PAINTING\PAINTING\DEBUG\PAINTINGDOC.OBJ
F:\北京邮电大学\大二\程序设计\PAINTING\PAINTING\PAINTING\DEBUG\PAINTINGVIEW.OBJ
F:\北京邮电大学\大二\程序设计\PAINTING\PAINTING\PAINTING\DEBUG\PROPERTIESWND.OBJ
F:\北京邮电大学\大二\程序设计\PAINTING\PAINTING\PAINTING\DEBUG\SETTINGDLG.OBJ
F:\北京邮电大学\大二\程序设计\PAINTING\PAINTING\PAINTING\DEBUG\VIEWTREE.OBJ
F:\北京邮电大学\大二\程序设计\PAINTING\PAINTING\DEBUG\PAINTING.ILK
F:\北京邮电大学\大二\程序设计\PAINTING\PAINTING\DEBUG\PAINTING.EXE
F:\北京邮电大学\大二\程序设计\PAINTING\PAINTING\DEBUG\PAINTING.PDB
F:\北京邮电大学\大二\程序设计\PAINTING\PAINTING\PAINTING\DEBUG\PAINTING.RES
F:\北京邮电大学\大二\程序设计\PAINTING\PAINTING\PAINTING\Debug\ClassView.obj
F:\北京邮电大学\大二\程序设计\PAINTING\PAINTING\PAINTING\Debug\FileView.obj
F:\北京邮电大学\大二\程序设计\PAINTING\PAINTING\PAINTING\Debug\MainFrm.obj
F:\北京邮电大学\大二\程序设计\PAINTING\PAINTING\PAINTING\Debug\OutputWnd.obj
F:\北京邮电大学\大二\程序设计\PAINTING\PAINTING\PAINTING\Debug\PAINTING.obj
F:\北京邮电大学\大二\程序设计\PAINTING\PAINTING\PAINTING\Debug\PAINTINGDoc.obj
F:\北京邮电大学\大二\程序设计\PAINTING\PAINTING\PAINTING\Debug\PAINTINGView.obj
F:\北京邮电大学\大二\程序设计\PAINTING\PAINTING\PAINTING\Debug\PropertiesWnd.obj
F:\北京邮电大学\大二\程序设计\PAINTING\PAINTING\PAINTING\Debug\SettingDlg.obj
F:\北京邮电大学\大二\程序设计\PAINTING\PAINTING\PAINTING\Debug\stdafx.obj
F:\北京邮电大学\大二\程序设计\PAINTING\PAINTING\PAINTING\Debug\ViewTree.obj
F:\北京邮电大学\大二\程序设计\PAINTING\PAINTING\PAINTING\Debug\cl.command.1.tlog
F:\北京邮电大学\大二\程序设计\PAINTING\PAINTING\PAINTING\Debug\CL.read.1.tlog
F:\北京邮电大学\大二\程序设计\PAINTING\PAINTING\PAINTING\Debug\CL.write.1.tlog
F:\北京邮电大学\大二\程序设计\PAINTING\PAINTING\PAINTING\Debug\link-cvtres.read.1.tlog
F:\北京邮电大学\大二\程序设计\PAINTING\PAINTING\PAINTING\Debug\link-cvtres.write.1.tlog
F:\北京邮电大学\大二\程序设计\PAINTING\PAINTING\PAINTING\Debug\link-mt.read.1.tlog
F:\北京邮电大学\大二\程序设计\PAINTING\PAINTING\PAINTING\Debug\link-mt.write.1.tlog
F:\北京邮电大学\大二\程序设计\PAINTING\PAINTING\PAINTING\Debug\link-rc.read.1.tlog
F:\北京邮电大学\大二\程序设计\PAINTING\PAINTING\PAINTING\Debug\link-rc.write.1.tlog
F:\北京邮电大学\大二\程序设计\PAINTING\PAINTING\PAINTING\Debug\link.command.1.tlog
F:\北京邮电大学\大二\程序设计\PAINTING\PAINTING\PAINTING\Debug\link.read.1.tlog
F:\北京邮电大学\大二\程序设计\PAINTING\PAINTING\PAINTING\Debug\link.write.1.tlog
F:\北京邮电大学\大二\程序设计\PAINTING\PAINTING\PAINTING\Debug\rc.command.1.tlog
F:\北京邮电大学\大二\程序设计\PAINTING\PAINTING\PAINTING\Debug\rc.read.1.tlog
F:\北京邮电大学\大二\程序设计\PAINTING\PAINTING\PAINTING\Debug\rc.write.1.tlog
F:\北京邮电大学\大二\程序设计\PAINTING\PAINTING\PAINTING\Debug\PAINTING.res
F:\北京邮电大学\大二\程序设计\PAINTING\PAINTING\PAINTING\Debug\PAINTING.pch
F:\北京邮电大学\大二\程序设计\PAINTING\PAINTING\PAINTING\Debug\vc110.idb
F:\北京邮电大学\大二\程序设计\PAINTING\PAINTING\PAINTING\Debug\vc110.pdb
F:\北京邮电大学\大二\程序设计\PAINTING\PAINTING\Debug\PAINTING.pdb
F:\北京邮电大学\大二\程序设计\PAINTING\PAINTING\Debug\PAINTING.exe
F:\北京邮电大学\大二\程序设计\PAINTING\PAINTING\Debug\PAINTING.ilk
