生成启动时间为 2016/5/1 12:50:23。
     1>项目“F:\北京邮电大学\大二\下学期\程序设计\王艺倩 19班 2014210560\PAINTING\PAINTING\PAINTING\PAINTING.vcxproj”在节点 2 上(Build 个目标)。
     1>ClCompile:
         C:\Program Files (x86)\Microsoft Visual Studio 11.0\VC\bin\CL.exe /c /ZI /nologo /W3 /WX- /sdl /Od /Oy- /D WIN32 /D _WINDOWS /D _DEBUG /D _UNICODE /D UNICODE /D _AFXDLL /Gm /EHsc /RTC1 /MDd /GS /fp:precise /Zc:wchar_t /Zc:forScope /Yc"stdafx.h" /Fp"Debug\PAINTING.pch" /Fo"Debug\\" /Fd"Debug\vc110.pdb" /Gd /TP /analyze- /errorReport:prompt stdafx.cpp
         stdafx.cpp
         C:\Program Files (x86)\Microsoft Visual Studio 11.0\VC\bin\CL.exe /c /ZI /nologo /W3 /WX- /sdl /Od /Oy- /D WIN32 /D _WINDOWS /D _DEBUG /D _UNICODE /D UNICODE /D _AFXDLL /Gm /EHsc /RTC1 /MDd /GS /fp:precise /Zc:wchar_t /Zc:forScope /Yu"stdafx.h" /Fp"Debug\PAINTING.pch" /Fo"Debug\\" /Fd"Debug\vc110.pdb" /Gd /TP /analyze- /errorReport:prompt ClassView.cpp FileView.cpp MainFrm.cpp OutputWnd.cpp PAINTING.cpp PAINTINGDoc.cpp PAINTINGView.cpp PropertiesWnd.cpp SettingDlg.cpp ViewTree.cpp
         ViewTree.cpp
         SettingDlg.cpp
         PropertiesWnd.cpp
         PAINTINGView.cpp
         PAINTINGDoc.cpp
         PAINTING.cpp
         OutputWnd.cpp
         MainFrm.cpp
         FileView.cpp
         ClassView.cpp
         正在生成代码...
       ResourceCompile:
         C:\Program Files (x86)\Windows Kits\8.0\bin\x86\rc.exe /D _DEBUG /D _UNICODE /D UNICODE /D _AFXDLL /l"0x0804" /IDebug\ /nologo /fo"Debug\PAINTING.res" PAINTING.rc 
       Link:
         C:\Program Files (x86)\Microsoft Visual Studio 11.0\VC\bin\link.exe /ERRORREPORT:PROMPT /OUT:"F:\北京邮电大学\大二\下学期\程序设计\王艺倩 19班 2014210560\PAINTING\PAINTING\Debug\PAINTING.exe" /INCREMENTAL /NOLOGO /MANIFEST /MANIFESTUAC:"level='asInvoker' uiAccess='false'" /manifest:embed /manifestinput:"C:\Program Files (x86)\Microsoft Visual Studio 11.0\VC\Include\Manifest\dpiaware.manifest" /DEBUG /PDB:"F:\北京邮电大学\大二\下学期\程序设计\王艺倩 19班 2014210560\PAINTING\PAINTING\Debug\PAINTING.pdb" /SUBSYSTEM:WINDOWS /TLBID:1 /ENTRY:"wWinMainCRTStartup" /DYNAMICBASE /NXCOMPAT /IMPLIB:"F:\北京邮电大学\大二\下学期\程序设计\王艺倩 19班 2014210560\PAINTING\PAINTING\Debug\PAINTING.lib" /MACHINE:X86 Debug\PAINTING.res
         Debug\ClassView.obj
         Debug\FileView.obj
         Debug\MainFrm.obj
         Debug\OutputWnd.obj
         Debug\PAINTING.obj
         Debug\PAINTINGDoc.obj
         Debug\PAINTINGView.obj
         Debug\PropertiesWnd.obj
         Debug\SettingDlg.obj
         Debug\stdafx.obj
         Debug\ViewTree.obj
         PAINTING.vcxproj -> F:\北京邮电大学\大二\下学期\程序设计\王艺倩 19班 2014210560\PAINTING\PAINTING\Debug\PAINTING.exe
     1>已完成生成项目“F:\北京邮电大学\大二\下学期\程序设计\王艺倩 19班 2014210560\PAINTING\PAINTING\PAINTING\PAINTING.vcxproj”(Build 个目标)的操作。

生成成功。

已用时间 00:00:07.61
